[2025-02-05 12:32:29Z INFO HostContext] No proxy settings were found based on environmental variables (http_proxy/https_proxy/HTTP_PROXY/HTTPS_PROXY)
[2025-02-05 12:32:29Z INFO HostContext] Well known directory 'Bin': 'C:\Work\actions-runner\bin'
[2025-02-05 12:32:29Z INFO HostContext] Well known directory 'Root': 'C:\Work\actions-runner'
[2025-02-05 12:32:29Z INFO HostContext] Well known config file 'Credentials': 'C:\Work\actions-runner\.credentials'
[2025-02-05 12:32:29Z INFO HostContext] Well known directory 'Bin': 'C:\Work\actions-runner\bin'
[2025-02-05 12:32:29Z INFO HostContext] Well known directory 'Root': 'C:\Work\actions-runner'
[2025-02-05 12:32:29Z INFO HostContext] Well known config file 'Runner': 'C:\Work\actions-runner\.runner'
[2025-02-05 12:32:29Z INFO Listener] Runner is built for Windows (X64) - win-x64.
[2025-02-05 12:32:29Z INFO Listener] RuntimeInformation: Microsoft Windows 10.0.26100.
[2025-02-05 12:32:29Z INFO Listener] Version: 2.322.0
[2025-02-05 12:32:29Z INFO Listener] Commit: 0edc478ca75d0a753dcbcec7405f3f26db67b1ac
[2025-02-05 12:32:29Z INFO Listener] Culture: en-US
[2025-02-05 12:32:29Z INFO Listener] UI Culture: en-US
[2025-02-05 12:32:29Z INFO HostContext] Well known directory 'Bin': 'C:\Work\actions-runner\bin'
[2025-02-05 12:32:29Z INFO HostContext] Well known directory 'Root': 'C:\Work\actions-runner'
[2025-02-05 12:32:29Z INFO Listener] Validating directory permissions for: 'C:\Work\actions-runner'
[2025-02-05 12:32:29Z INFO CommandLineParser] Parse
[2025-02-05 12:32:29Z INFO CommandLineParser] Parsing 5 args
[2025-02-05 12:32:29Z INFO CommandLineParser] parsing argument
[2025-02-05 12:32:29Z INFO CommandLineParser] HasArgs: False
[2025-02-05 12:32:29Z INFO CommandLineParser] Adding Command: configure
[2025-02-05 12:32:29Z INFO CommandLineParser] parsing argument
[2025-02-05 12:32:29Z INFO CommandLineParser] HasArgs: True
[2025-02-05 12:32:29Z INFO CommandLineParser] arg: url
[2025-02-05 12:32:29Z INFO CommandLineParser] parsing argument
[2025-02-05 12:32:29Z INFO CommandLineParser] HasArgs: True
[2025-02-05 12:32:29Z INFO CommandLineParser] Adding option 'url': 'https://github.com/korawitpa/k8s_local'
[2025-02-05 12:32:29Z INFO CommandLineParser] parsing argument
[2025-02-05 12:32:29Z INFO CommandLineParser] HasArgs: True
[2025-02-05 12:32:29Z INFO CommandLineParser] arg: token
[2025-02-05 12:32:29Z INFO CommandLineParser] parsing argument
[2025-02-05 12:32:29Z INFO CommandLineParser] HasArgs: True
[2025-02-05 12:32:29Z INFO CommandLineParser] Adding option 'token': '***'
[2025-02-05 12:32:29Z INFO Listener] Arguments parsed
[2025-02-05 12:32:29Z INFO Runner] ExecuteCommand
[2025-02-05 12:32:29Z INFO ConfigurationStore] currentAssemblyLocation: C:\Work\actions-runner\bin\Runner.Listener.dll
[2025-02-05 12:32:29Z INFO HostContext] Well known directory 'Bin': 'C:\Work\actions-runner\bin'
[2025-02-05 12:32:29Z INFO ConfigurationStore] binPath: C:\Work\actions-runner\bin
[2025-02-05 12:32:29Z INFO HostContext] Well known directory 'Bin': 'C:\Work\actions-runner\bin'
[2025-02-05 12:32:29Z INFO HostContext] Well known directory 'Root': 'C:\Work\actions-runner'
[2025-02-05 12:32:29Z INFO ConfigurationStore] RootFolder: C:\Work\actions-runner
[2025-02-05 12:32:29Z INFO HostContext] Well known directory 'Bin': 'C:\Work\actions-runner\bin'
[2025-02-05 12:32:29Z INFO HostContext] Well known directory 'Root': 'C:\Work\actions-runner'
[2025-02-05 12:32:29Z INFO HostContext] Well known config file 'Runner': 'C:\Work\actions-runner\.runner'
[2025-02-05 12:32:29Z INFO ConfigurationStore] ConfigFilePath: C:\Work\actions-runner\.runner
[2025-02-05 12:32:29Z INFO HostContext] Well known directory 'Bin': 'C:\Work\actions-runner\bin'
[2025-02-05 12:32:29Z INFO HostContext] Well known directory 'Root': 'C:\Work\actions-runner'
[2025-02-05 12:32:29Z INFO HostContext] Well known config file 'Credentials': 'C:\Work\actions-runner\.credentials'
[2025-02-05 12:32:29Z INFO ConfigurationStore] CredFilePath: C:\Work\actions-runner\.credentials
[2025-02-05 12:32:29Z INFO HostContext] Well known directory 'Bin': 'C:\Work\actions-runner\bin'
[2025-02-05 12:32:29Z INFO HostContext] Well known directory 'Root': 'C:\Work\actions-runner'
[2025-02-05 12:32:29Z INFO HostContext] Well known config file 'MigratedCredentials': 'C:\Work\actions-runner\.credentials_migrated'
[2025-02-05 12:32:29Z INFO ConfigurationStore] MigratedCredFilePath: C:\Work\actions-runner\.credentials_migrated
[2025-02-05 12:32:29Z INFO HostContext] Well known directory 'Bin': 'C:\Work\actions-runner\bin'
[2025-02-05 12:32:29Z INFO HostContext] Well known directory 'Root': 'C:\Work\actions-runner'
[2025-02-05 12:32:29Z INFO HostContext] Well known config file 'Service': 'C:\Work\actions-runner\.service'
[2025-02-05 12:32:29Z INFO ConfigurationStore] ServiceConfigFilePath: C:\Work\actions-runner\.service
[2025-02-05 12:32:29Z INFO CommandSettings] Flag 'help': 'False'
[2025-02-05 12:32:29Z INFO CommandSettings] Flag 'version': 'False'
[2025-02-05 12:32:29Z INFO CommandSettings] Flag 'commit': 'False'
[2025-02-05 12:32:29Z INFO CommandSettings] Flag 'check': 'False'
[2025-02-05 12:32:29Z INFO CommandSettings] Command 'configure': 'True'
[2025-02-05 12:32:29Z INFO Terminal] WRITE LINE: 
[2025-02-05 12:32:29Z INFO Terminal] WRITE LINE: --------------------------------------------------------------------------------
[2025-02-05 12:32:29Z INFO Terminal] WRITE LINE: |        ____ _ _   _   _       _          _        _   _                      |
[2025-02-05 12:32:29Z INFO Terminal] WRITE LINE: |       / ___(_) |_| | | |_   _| |__      / \   ___| |_(_) ___  _ __  ___      |
[2025-02-05 12:32:29Z INFO Terminal] WRITE LINE: |      | |  _| | __| |_| | | | | '_ \    / _ \ / __| __| |/ _ \| '_ \/ __|     |
[2025-02-05 12:32:29Z INFO Terminal] WRITE LINE: |      | |_| | | |_|  _  | |_| | |_) |  / ___ \ (__| |_| | (_) | | | \__ \     |
[2025-02-05 12:32:29Z INFO Terminal] WRITE LINE: |       \____|_|\__|_| |_|\__,_|_.__/  /_/   \_\___|\__|_|\___/|_| |_|___/     |
[2025-02-05 12:32:29Z INFO Terminal] WRITE LINE: |                                                                              |
[2025-02-05 12:32:29Z INFO Terminal] WRITE: |                       
[2025-02-05 12:32:29Z INFO Terminal] WRITE: Self-hosted runner registration
[2025-02-05 12:32:29Z INFO Terminal] WRITE LINE:                         |
[2025-02-05 12:32:29Z INFO Terminal] WRITE LINE: |                                                                              |
[2025-02-05 12:32:29Z INFO Terminal] WRITE LINE: --------------------------------------------------------------------------------
[2025-02-05 12:32:29Z INFO ConfigurationManager] ConfigureAsync
[2025-02-05 12:32:29Z INFO CommandSettings] Flag 'generateServiceConfig': 'False'
[2025-02-05 12:32:29Z INFO ConfigurationStore] IsConfigured()
[2025-02-05 12:32:29Z INFO ConfigurationStore] IsConfigured: False
[2025-02-05 12:32:29Z INFO ConfigurationManager] Is configured: False
[2025-02-05 12:32:29Z INFO CommandSettings] Arg 'url': 'https://github.com/korawitpa/k8s_local'
[2025-02-05 12:32:29Z INFO CommandSettings] Remove url from Arg dictionary.
[2025-02-05 12:32:29Z INFO CommandSettings] Arg 'token': '***'
[2025-02-05 12:32:29Z INFO CommandSettings] Remove token from Arg dictionary.
[2025-02-05 12:32:30Z INFO ConfigurationManager] Http response code: OK from 'POST https://api.github.com/actions/runner-registration' (CF33:3CAA57:80658:A0CD3:67A35A5D)
[2025-02-05 12:32:30Z INFO ConfigurationManager] Using V2 flow: False
[2025-02-05 12:32:30Z INFO ConfigurationManager] cred retrieved via GitHub auth
[2025-02-05 12:32:30Z INFO RunnerServer] EstablishVssConnection
[2025-02-05 12:32:30Z INFO RunnerServer] Establish connection with 100 seconds timeout.
[2025-02-05 12:32:30Z INFO GitHubActionsService] Starting operation Location.GetConnectionData
[2025-02-05 12:32:30Z INFO RunnerServer] EstablishVssConnection
[2025-02-05 12:32:30Z INFO RunnerServer] Establish connection with 60 seconds timeout.
[2025-02-05 12:32:30Z INFO GitHubActionsService] Starting operation Location.GetConnectionData
[2025-02-05 12:32:30Z INFO RunnerServer] EstablishVssConnection
[2025-02-05 12:32:30Z INFO RunnerServer] Establish connection with 60 seconds timeout.
[2025-02-05 12:32:30Z INFO GitHubActionsService] Starting operation Location.GetConnectionData
[2025-02-05 12:32:32Z INFO GitHubActionsService] Finished operation Location.GetConnectionData
[2025-02-05 12:32:32Z INFO GitHubActionsService] Finished operation Location.GetConnectionData
[2025-02-05 12:32:32Z INFO GitHubActionsService] Finished operation Location.GetConnectionData
[2025-02-05 12:32:32Z INFO Terminal] WRITE LINE: 
[2025-02-05 12:32:32Z INFO ConfigurationManager] Test Connection complete.
[2025-02-05 12:32:32Z INFO HostContext] Well known directory 'Bin': 'C:\Work\actions-runner\bin'
[2025-02-05 12:32:32Z INFO HostContext] Well known directory 'Root': 'C:\Work\actions-runner'
[2025-02-05 12:32:32Z INFO HostContext] Well known config file 'RSACredentials': 'C:\Work\actions-runner\.credentials_rsaparams'
[2025-02-05 12:32:32Z INFO RSAEncryptedFileKeyManager] Creating new RSA key using 2048-bit key length
[2025-02-05 12:32:32Z INFO RSAEncryptedFileKeyManager] Successfully saved RSA key parameters to file C:\Work\actions-runner\.credentials_rsaparams
[2025-02-05 12:32:32Z INFO CommandSettings] Arg 'runnergroup': ''
[2025-02-05 12:32:32Z INFO CommandSettings] Flag 'unattended': 'False'
[2025-02-05 12:32:32Z INFO PromptManager] ReadValue
[2025-02-05 12:32:32Z INFO Terminal] WRITE: Enter the name of the runner group to add this runner to: 
[2025-02-05 12:32:32Z INFO Terminal] WRITE: [press Enter for Default] 
[2025-02-05 12:32:32Z INFO Terminal] READ LINE
[2025-02-05 12:32:50Z INFO Terminal] Read value: ''
[2025-02-05 12:32:50Z INFO PromptManager] Falling back to the default: 'Default'
[2025-02-05 12:32:50Z INFO Terminal] WRITE LINE: 
[2025-02-05 12:32:50Z INFO ConfigurationManager] Found a self-hosted runner group with id 1 and name Default
[2025-02-05 12:32:50Z INFO CommandSettings] Flag 'disableupdate': 'False'
[2025-02-05 12:32:50Z INFO CommandSettings] Flag 'ephemeral': 'False'
[2025-02-05 12:32:50Z INFO CommandSettings] Arg 'name': ''
[2025-02-05 12:32:50Z INFO CommandSettings] Flag 'unattended': 'False'
[2025-02-05 12:32:50Z INFO PromptManager] ReadValue
[2025-02-05 12:32:50Z INFO Terminal] WRITE: Enter the name of runner: 
[2025-02-05 12:32:50Z INFO Terminal] WRITE: [press Enter for DESKTOP-3DV78BJ] 
[2025-02-05 12:32:50Z INFO Terminal] READ LINE
[2025-02-05 12:32:53Z INFO Terminal] Read value: ''
[2025-02-05 12:32:53Z INFO PromptManager] Falling back to the default: 'DESKTOP-3DV78BJ'
[2025-02-05 12:32:53Z INFO Terminal] WRITE LINE: 
[2025-02-05 12:32:53Z INFO CommandSettings] Arg 'labels': ''
[2025-02-05 12:32:53Z INFO CommandSettings] Flag 'unattended': 'False'
[2025-02-05 12:32:53Z INFO PromptManager] ReadValue
[2025-02-05 12:32:53Z INFO Terminal] WRITE: This runner will have the following labels: 'self-hosted', 'Windows', 'X64' 
Enter any additional labels (ex. label-1,label-2): 
[2025-02-05 12:32:53Z INFO Terminal] WRITE: [press Enter to skip] 
[2025-02-05 12:32:53Z INFO Terminal] READ LINE
[2025-02-05 12:33:15Z INFO Terminal] Read value: 'self-hosted'
[2025-02-05 12:33:15Z INFO Terminal] WRITE LINE: 
[2025-02-05 12:33:16Z INFO CommandSettings] Flag 'disableupdate': 'False'
[2025-02-05 12:33:16Z INFO CommandSettings] Flag 'no-default-labels': 'False'
[2025-02-05 12:33:16Z INFO CommandSettings] Flag 'disableupdate': 'False'
[2025-02-05 12:33:16Z INFO CommandSettings] Flag 'ephemeral': 'False'
[2025-02-05 12:33:16Z INFO ConfigurationStore] Saving OAuth credential @ C:\Work\actions-runner\.credentials
[2025-02-05 12:33:16Z INFO ConfigurationStore] Credentials Saved.
[2025-02-05 12:33:16Z INFO ConfigurationStore] HasCredentials()
[2025-02-05 12:33:16Z INFO ConfigurationStore] stored True
[2025-02-05 12:33:16Z INFO CredentialManager] GetCredentialProvider
[2025-02-05 12:33:16Z INFO CredentialManager] Creating type OAuth
[2025-02-05 12:33:16Z INFO CredentialManager] Creating credential type: OAuth
[2025-02-05 12:33:16Z INFO RSAEncryptedFileKeyManager] Loading RSA key parameters from file C:\Work\actions-runner\.credentials_rsaparams
[2025-02-05 12:33:16Z INFO RunnerServer] EstablishVssConnection
[2025-02-05 12:33:16Z INFO RunnerServer] Establish connection with 100 seconds timeout.
[2025-02-05 12:33:16Z INFO GitHubActionsService] Starting operation Location.GetConnectionData
[2025-02-05 12:33:16Z INFO RunnerServer] EstablishVssConnection
[2025-02-05 12:33:16Z INFO RunnerServer] Establish connection with 60 seconds timeout.
[2025-02-05 12:33:16Z INFO GitHubActionsService] Starting operation Location.GetConnectionData
[2025-02-05 12:33:16Z INFO RunnerServer] EstablishVssConnection
[2025-02-05 12:33:16Z INFO RunnerServer] Establish connection with 60 seconds timeout.
[2025-02-05 12:33:16Z INFO GitHubActionsService] Starting operation Location.GetConnectionData
[2025-02-05 12:33:17Z INFO GitHubActionsService] Finished operation Location.GetConnectionData
[2025-02-05 12:33:17Z INFO GitHubActionsService] Finished operation Location.GetConnectionData
[2025-02-05 12:33:17Z INFO GitHubActionsService] Finished operation Location.GetConnectionData
[2025-02-05 12:33:17Z INFO RSAEncryptedFileKeyManager] Loading RSA key parameters from file C:\Work\actions-runner\.credentials_rsaparams
[2025-02-05 12:33:17Z INFO RSAEncryptedFileKeyManager] Loading RSA key parameters from file C:\Work\actions-runner\.credentials_rsaparams
[2025-02-05 12:33:19Z INFO GitHubActionsService] AAD Correlation ID for this token request: Unknown
[2025-02-05 12:33:19Z INFO CommandSettings] Arg 'work': ''
[2025-02-05 12:33:19Z INFO CommandSettings] Flag 'unattended': 'False'
[2025-02-05 12:33:19Z INFO PromptManager] ReadValue
[2025-02-05 12:33:19Z INFO Terminal] WRITE: Enter name of work folder: 
[2025-02-05 12:33:19Z INFO Terminal] WRITE: [press Enter for _work] 
[2025-02-05 12:33:19Z INFO Terminal] READ LINE
[2025-02-05 12:33:25Z INFO Terminal] Read value: ''
[2025-02-05 12:33:25Z INFO PromptManager] Falling back to the default: '_work'
[2025-02-05 12:33:25Z INFO ConfigurationStore] Saving runner settings.
[2025-02-05 12:33:25Z INFO ConfigurationStore] Settings Saved.
[2025-02-05 12:33:25Z INFO Terminal] WRITE LINE: 
[2025-02-05 12:33:25Z INFO Terminal] WRITE LINE: 
[2025-02-05 12:33:25Z INFO CommandSettings] Flag 'runasservice': 'False'
[2025-02-05 12:33:25Z INFO CommandSettings] Flag 'unattended': 'False'
[2025-02-05 12:33:25Z INFO PromptManager] ReadValue
[2025-02-05 12:33:25Z INFO Terminal] WRITE: Would you like to run the runner as service? (Y/N) 
[2025-02-05 12:33:25Z INFO Terminal] WRITE: [press Enter for N] 
[2025-02-05 12:33:25Z INFO Terminal] READ LINE
[2025-02-05 12:33:29Z INFO Terminal] Read value: ''
[2025-02-05 12:33:29Z INFO PromptManager] Falling back to the default: 'N'
[2025-02-05 12:33:29Z INFO Listener] Runner execution has finished with return code 0
